[12-Aug-2024 09:08:09 UTC] PHP Warning:  Attempt to read property "title" on null in /Users/jett/Local Sites/planty/app/public/wp-includes/class-wp-customize-widgets.php on line 905
[12-Aug-2024 10:20:12 UTC] PHP Parse error:  syntax error, unexpected token "<", expecting end of file in /Users/jett/Local Sites/planty/app/public/wp-content/themes/hello-elementor-child/functions.php on line 9
[12-Aug-2024 10:20:12 UTC] PHP Parse error:  syntax error, unexpected token "<", expecting end of file in /Users/jett/Local Sites/planty/app/public/wp-content/themes/hello-elementor-child/functions.php on line 9
[12-Aug-2024 10:21:24 UTC] PHP Parse error:  syntax error, unexpected token "<", expecting end of file in /Users/jett/Local Sites/planty/app/public/wp-content/themes/hello-elementor-child/functions.php on line 9
[12-Aug-2024 10:21:24 UTC] PHP Warning:  Trying to access array offset on value of type bool in /Users/jett/Local Sites/planty/app/public/wp-includes/class-wp-recovery-mode-email-service.php on line 367
[12-Aug-2024 10:21:24 UTC] PHP Warning:  Trying to access array offset on value of type bool in /Users/jett/Local Sites/planty/app/public/wp-includes/class-wp-recovery-mode-email-service.php on line 368
[12-Aug-2024 10:23:25 UTC] PHP Parse error:  syntax error, unexpected token "<", expecting end of file in /Users/jett/Local Sites/planty/app/public/wp-content/themes/hello-elementor-child/functions.php on line 9
[12-Aug-2024 10:24:26 UTC] PHP Parse error:  syntax error, unexpected token "<", expecting end of file in /Users/jett/Local Sites/planty/app/public/wp-content/themes/hello-elementor-child/functions.php on line 9
[12-Aug-2024 10:25:27 UTC] PHP Parse error:  syntax error, unexpected token "<", expecting end of file in /Users/jett/Local Sites/planty/app/public/wp-content/themes/hello-elementor-child/functions.php on line 9
[20-Aug-2024 15:40:53 UTC] PHP Warning:  Attempt to read property "title" on null in /Users/jett/Local Sites/planty/app/public/wp-includes/class-wp-customize-widgets.php on line 905
[20-Aug-2024 15:53:43 UTC] PHP Fatal error:  Uncaught TypeError: call_user_func_array(): Argument #1 ($callback) must be a valid callback, function "hello_elementor_child_scripts" not found or invalid function name in /Users/jett/Local Sites/planty/app/public/wp-includes/class-wp-hook.php:324
Stack trace:
#0 /Users/jett/Local Sites/planty/app/public/wp-includes/class-wp-hook.php(348): WP_Hook->apply_filters(NULL, Array)
#1 /Users/jett/Local Sites/planty/app/public/wp-includes/plugin.php(517): WP_Hook->do_action(Array)
#2 /Users/jett/Local Sites/planty/app/public/wp-includes/script-loader.php(2263): do_action('wp_enqueue_scri...')
#3 /Users/jett/Local Sites/planty/app/public/wp-includes/class-wp-hook.php(324): wp_enqueue_scripts('')
#4 /Users/jett/Local Sites/planty/app/public/wp-includes/class-wp-hook.php(348): WP_Hook->apply_filters(NULL, Array)
#5 /Users/jett/Local Sites/planty/app/public/wp-includes/plugin.php(517): WP_Hook->do_action(Array)
#6 /Users/jett/Local Sites/planty/app/public/wp-includes/general-template.php(3065): do_action('wp_head')
#7 /Users/jett/Local Sites/planty/app/public/wp-content/themes/hello-elementor/header.php(24): wp_head()
#8 /Users/jett/Local Sites/planty/app/public/wp-includes/template.php(810): require_once('/Users/jett/Loc...')
#9 /Users/jett/Local Sites/planty/app/public/wp-includes/template.php(745): load_template('/Users/jett/Loc...', true, Array)
#10 /Users/jett/Local Sites/planty/app/public/wp-includes/general-template.php(48): locate_template(Array, true, true, Array)
#11 /Users/jett/Local Sites/planty/app/public/wp-content/themes/hello-elementor/index.php(15): get_header()
#12 /Users/jett/Local Sites/planty/app/public/wp-includes/template-loader.php(106): include('/Users/jett/Loc...')
#13 /Users/jett/Local Sites/planty/app/public/wp-blog-header.php(19): require_once('/Users/jett/Loc...')
#14 /Users/jett/Local Sites/planty/app/public/index.php(17): require('/Users/jett/Loc...')
#15 {main}
  thrown in /Users/jett/Local Sites/planty/app/public/wp-includes/class-wp-hook.php on line 324
[20-Aug-2024 15:53:47 UTC] PHP Fatal error:  Uncaught TypeError: call_user_func_array(): Argument #1 ($callback) must be a valid callback, function "hello_elementor_child_scripts" not found or invalid function name in /Users/jett/Local Sites/planty/app/public/wp-includes/class-wp-hook.php:324
Stack trace:
#0 /Users/jett/Local Sites/planty/app/public/wp-includes/class-wp-hook.php(348): WP_Hook->apply_filters(NULL, Array)
#1 /Users/jett/Local Sites/planty/app/public/wp-includes/plugin.php(517): WP_Hook->do_action(Array)
#2 /Users/jett/Local Sites/planty/app/public/wp-includes/script-loader.php(2263): do_action('wp_enqueue_scri...')
#3 /Users/jett/Local Sites/planty/app/public/wp-includes/class-wp-hook.php(324): wp_enqueue_scripts('')
#4 /Users/jett/Local Sites/planty/app/public/wp-includes/class-wp-hook.php(348): WP_Hook->apply_filters(NULL, Array)
#5 /Users/jett/Local Sites/planty/app/public/wp-includes/plugin.php(517): WP_Hook->do_action(Array)
#6 /Users/jett/Local Sites/planty/app/public/wp-includes/general-template.php(3065): do_action('wp_head')
#7 /Users/jett/Local Sites/planty/app/public/wp-content/themes/hello-elementor/header.php(24): wp_head()
#8 /Users/jett/Local Sites/planty/app/public/wp-includes/template.php(810): require_once('/Users/jett/Loc...')
#9 /Users/jett/Local Sites/planty/app/public/wp-includes/template.php(745): load_template('/Users/jett/Loc...', true, Array)
#10 /Users/jett/Local Sites/planty/app/public/wp-includes/general-template.php(48): locate_template(Array, true, true, Array)
#11 /Users/jett/Local Sites/planty/app/public/wp-content/themes/hello-elementor/index.php(15): get_header()
#12 /Users/jett/Local Sites/planty/app/public/wp-includes/template-loader.php(106): include('/Users/jett/Loc...')
#13 /Users/jett/Local Sites/planty/app/public/wp-blog-header.php(19): require_once('/Users/jett/Loc...')
#14 /Users/jett/Local Sites/planty/app/public/index.php(17): require('/Users/jett/Loc...')
#15 {main}
  thrown in /Users/jett/Local Sites/planty/app/public/wp-includes/class-wp-hook.php on line 324
[20-Aug-2024 16:18:03 UTC] PHP Warning:  Attempt to read property "title" on null in /Users/jett/Local Sites/planty/app/public/wp-includes/class-wp-customize-widgets.php on line 905
[20-Aug-2024 16:31:11 UTC] PHP Warning:  Attempt to read property "title" on null in /Users/jett/Local Sites/planty/app/public/wp-includes/class-wp-customize-widgets.php on line 905
[20-Aug-2024 16:34:02 UTC] PHP Warning:  Attempt to read property "title" on null in /Users/jett/Local Sites/planty/app/public/wp-includes/class-wp-customize-widgets.php on line 905
[20-Aug-2024 16:35:19 UTC] PHP Warning:  Attempt to read property "title" on null in /Users/jett/Local Sites/planty/app/public/wp-includes/class-wp-customize-widgets.php on line 905
[20-Aug-2024 16:40:52 UTC] PHP Warning:  Undefined array key "editor_post_id" in /Users/jett/Local Sites/planty/app/public/wp-content/plugins/elementor/includes/managers/widgets.php on line 378
[20-Aug-2024 16:41:06 UTC] PHP Warning:  Undefined array key "editor_post_id" in /Users/jett/Local Sites/planty/app/public/wp-content/plugins/elementor/includes/managers/widgets.php on line 378
[20-Aug-2024 16:44:59 UTC] PHP Warning:  Undefined array key "editor_post_id" in /Users/jett/Local Sites/planty/app/public/wp-content/plugins/elementor/includes/managers/widgets.php on line 378
[20-Aug-2024 17:19:09 UTC] PHP Fatal error:  Allowed memory size of 268435456 bytes exhausted (tried to allocate 262144 bytes) in /Users/jett/Local Sites/planty/app/public/wp-includes/class-wp-styles.php on line 371
[20-Aug-2024 17:19:09 UTC] PHP Fatal error:  Allowed memory size of 268435456 bytes exhausted (tried to allocate 262144 bytes) in /Users/jett/Local Sites/planty/app/public/wp-includes/class-wp-fatal-error-handler.php on line 37
[21-Aug-2024 16:27:58 UTC] PHP Warning:  Undefined array key "editor_post_id" in /Users/jett/Local Sites/planty/app/public/wp-content/plugins/elementor/includes/managers/widgets.php on line 378
[21-Aug-2024 16:48:03 UTC] PHP Parse error:  syntax error, unexpected token "<", expecting end of file in /Users/jett/Local Sites/planty/app/public/wp-content/themes/hello-elementor-child/header.php on line 17
[21-Aug-2024 16:48:04 UTC] PHP Parse error:  syntax error, unexpected token "<", expecting end of file in /Users/jett/Local Sites/planty/app/public/wp-content/themes/hello-elementor-child/header.php on line 17
[21-Aug-2024 16:49:26 UTC] PHP Warning:  Undefined array key "editor_post_id" in /Users/jett/Local Sites/planty/app/public/wp-content/plugins/elementor/includes/managers/widgets.php on line 378
